TN:
SF:src/modules/tasks/useCases/createTask/createTaskController.ts
FN:6,handle
FNF:1
FNH:1
FNDA:8,handle
DA:1,1
DA:2,1
DA:3,1
DA:4,1
DA:5,1
DA:6,1
DA:7,8
DA:8,8
DA:9,8
DA:10,8
DA:11,8
DA:12,8
DA:13,8
DA:14,8
DA:15,8
DA:16,8
DA:17,6
DA:18,6
DA:19,8
DA:20,2
DA:21,2
DA:22,8
DA:23,1
DA:24,1
DA:25,1
LF:25
LH:25
BRDA:6,0,0,8
BRDA:17,1,0,6
BRDA:19,2,0,2
BRF:3
BRH:3
end_of_record
TN:
SF:src/modules/tasks/useCases/createTask/createTaskUseCase.ts
FN:12,CreateTaskUseCase
FN:17,execute
FNF:2
FNH:2
FNDA:12,CreateTaskUseCase
FNDA:12,execute
DA:1,1
DA:2,1
DA:3,1
DA:4,1
DA:5,1
DA:6,1
DA:7,1
DA:8,1
DA:9,1
DA:10,1
DA:11,1
DA:12,1
DA:13,12
DA:14,12
DA:15,12
DA:16,1
DA:17,1
DA:18,12
DA:19,2
DA:20,2
DA:21,10
DA:22,10
DA:23,10
DA:24,12
DA:25,12
DA:26,12
DA:27,2
DA:28,12
DA:29,12
DA:30,2
DA:31,2
DA:32,8
DA:33,12
DA:34,12
DA:35,12
DA:36,12
DA:37,12
DA:38,12
DA:39,1
DA:40,1
DA:41,1
LF:41
LH:41
BRDA:12,0,0,12
BRDA:17,1,0,12
BRDA:18,2,0,2
BRDA:21,3,0,11
BRDA:21,4,0,10
BRDA:24,5,0,9
BRDA:24,6,0,3
BRDA:25,7,0,2
BRDA:26,8,0,2
BRDA:29,9,0,10
BRDA:29,10,0,2
BRDA:32,11,0,8
BRDA:33,12,0,1
BRF:13
BRH:13
end_of_record
TN:
SF:src/modules/tasks/useCases/deleteTask/deleteTaskController.ts
FN:6,handle
FNF:1
FNH:1
FNDA:2,handle
DA:1,1
DA:2,1
DA:3,1
DA:4,1
DA:5,1
DA:6,1
DA:7,2
DA:8,2
DA:9,2
DA:10,2
DA:11,2
DA:12,2
DA:13,1
DA:14,1
DA:15,1
DA:16,1
DA:17,1
DA:18,2
DA:19,1
DA:20,1
DA:21,1
LF:21
LH:21
BRDA:6,0,0,2
BRDA:13,1,0,1
BRF:2
BRH:2
end_of_record
TN:
SF:src/modules/tasks/useCases/deleteTask/deleteTaskUseCase.ts
FN:7,DeleteTaskUseCase
FN:11,execute
FNF:2
FNH:2
FNDA:4,DeleteTaskUseCase
FNDA:4,execute
DA:1,1
DA:2,1
DA:3,1
DA:4,1
DA:5,1
DA:6,1
DA:7,1
DA:8,4
DA:9,4
DA:10,4
DA:11,1
DA:12,4
DA:13,4
DA:14,4
DA:15,2
DA:16,2
DA:17,2
DA:18,2
DA:19,2
DA:20,1
DA:21,1
DA:22,1
LF:22
LH:22
BRDA:7,0,0,4
BRDA:11,1,0,4
BRDA:14,2,0,2
BRF:3
BRH:3
end_of_record
TN:
SF:src/modules/tasks/useCases/getAllTasks/getAllTasksController.ts
FN:6,handle
FNF:1
FNH:1
FNDA:1,handle
DA:1,1
DA:2,1
DA:3,1
DA:4,1
DA:5,1
DA:6,1
DA:7,1
DA:8,1
DA:9,1
DA:10,1
DA:11,1
DA:12,1
DA:13,1
DA:14,1
DA:15,1
LF:15
LH:15
BRDA:6,0,0,1
BRF:1
BRH:1
end_of_record
TN:
SF:src/modules/tasks/useCases/getAllTasks/getAllTasksUseCase.ts
FN:7,GetAllTasksUseCase
FN:11,execute
FNF:2
FNH:2
FNDA:2,GetAllTasksUseCase
FNDA:2,execute
DA:1,1
DA:2,1
DA:3,1
DA:4,1
DA:5,1
DA:6,1
DA:7,1
DA:8,2
DA:9,2
DA:10,2
DA:11,1
DA:12,2
DA:13,2
DA:14,2
DA:15,2
DA:16,1
DA:17,1
DA:18,1
LF:18
LH:18
BRDA:7,0,0,2
BRDA:11,1,0,2
BRF:2
BRH:2
end_of_record
TN:
SF:src/modules/tasks/useCases/updateTask/updateTaskController.ts
FN:6,handle
FNF:1
FNH:1
FNDA:5,handle
DA:1,1
DA:2,1
DA:3,1
DA:4,1
DA:5,1
DA:6,1
DA:7,5
DA:8,5
DA:9,5
DA:10,5
DA:11,5
DA:12,5
DA:13,5
DA:14,5
DA:15,5
DA:16,5
DA:17,5
DA:18,5
DA:19,2
DA:20,2
DA:21,5
DA:22,3
DA:23,3
DA:24,5
DA:25,1
DA:26,1
DA:27,1
LF:27
LH:27
BRDA:6,0,0,5
BRDA:19,1,0,2
BRDA:21,2,0,3
BRF:3
BRH:3
end_of_record
TN:
SF:src/modules/tasks/useCases/updateTask/updateTaskUseCase.ts
FN:12,UpdateTaskUseCase
FN:16,execute
FNF:2
FNH:2
FNDA:10,UpdateTaskUseCase
FNDA:10,execute
DA:1,1
DA:2,1
DA:3,1
DA:4,1
DA:5,1
DA:6,1
DA:7,1
DA:8,1
DA:9,1
DA:10,1
DA:11,1
DA:12,1
DA:13,10
DA:14,10
DA:15,10
DA:16,1
DA:17,10
DA:18,10
DA:19,10
DA:20,2
DA:21,2
DA:22,8
DA:23,8
DA:24,8
DA:25,10
DA:26,10
DA:27,10
DA:28,2
DA:29,10
DA:30,10
DA:31,2
DA:32,2
DA:33,6
DA:34,10
DA:35,2
DA:36,2
DA:37,4
DA:38,4
DA:39,4
DA:40,4
DA:41,4
DA:42,1
DA:43,1
DA:44,1
LF:44
LH:44
BRDA:12,0,0,10
BRDA:16,1,0,10
BRDA:19,2,0,2
BRDA:22,3,0,8
BRDA:25,4,0,4
BRDA:25,5,0,6
BRDA:26,6,0,6
BRDA:27,7,0,2
BRDA:30,8,0,2
BRDA:33,9,0,6
BRDA:34,10,0,2
BRDA:37,11,0,4
BRF:12
BRH:12
end_of_record
